v6 parallel matrix jobs=75 workers=2 runtime=genesis device=cuda:0
[ok] naive__independent-noise__90001 21.2s rc=0
[ok] naive__independent-noise__90000 22.8s rc=0
[ok] naive__independent-noise__90003 21.2s rc=0
[ok] naive__independent-noise__90002 23.0s rc=0
[ok] naive__shared-occlusion__90000 22.4s rc=0
[ok] naive__independent-noise__90004 22.7s rc=0
[ok] naive__shared-occlusion__90001 21.6s rc=0
[ok] naive__shared-occlusion__90002 23.6s rc=0
[ok] naive__shared-occlusion__90003 21.3s rc=0
[ok] naive__shared-occlusion__90004 22.9s rc=0
[ok] naive__evidence-echo__90000 22.8s rc=0
[ok] naive__evidence-echo__90001 21.6s rc=0
[ok] naive__evidence-echo__90002 22.9s rc=0
[ok] naive__evidence-echo__90003 21.3s rc=0
[ok] naive__evidence-echo__90004 22.9s rc=0
[ok] naive__time-skew__90000 22.9s rc=0
[ok] naive__time-skew__90001 21.5s rc=0
[ok] naive__time-skew__90002 22.9s rc=0
[ok] naive__time-skew__90003 21.5s rc=0
[ok] naive__time-skew__90004 23.3s rc=0
[ok] naive__dynamic-change__90000 21.6s rc=0
[ok] naive__dynamic-change__90001 21.9s rc=0
[ok] naive__dynamic-change__90002 21.8s rc=0
[ok] naive__dynamic-change__90003 21.5s rc=0
[ok] naive__dynamic-change__90004 22.1s rc=0
[ok] purify-passive__independent-noise__90000 24.5s rc=0
[ok] purify-passive__independent-noise__90001 23.9s rc=0
[ok] purify-passive__independent-noise__90002 25.3s rc=0
[ok] purify-passive__independent-noise__90003 24.3s rc=0
[ok] purify-passive__independent-noise__90004 25.0s rc=0
[ok] purify-passive__shared-occlusion__90000 24.0s rc=0
[ok] purify-passive__shared-occlusion__90001 24.0s rc=0
[ok] purify-passive__shared-occlusion__90002 24.7s rc=0
[ok] purify-passive__shared-occlusion__90003 24.0s rc=0
[ok] purify-passive__shared-occlusion__90004 24.4s rc=0
[ok] purify-passive__evidence-echo__90000 24.5s rc=0
[ok] purify-passive__evidence-echo__90001 24.6s rc=0
[ok] purify-passive__evidence-echo__90002 24.5s rc=0
[ok] purify-passive__evidence-echo__90003 24.7s rc=0
[ok] purify-passive__evidence-echo__90004 24.2s rc=0
[ok] purify-passive__time-skew__90000 24.4s rc=0
[ok] purify-passive__time-skew__90001 24.4s rc=0
[ok] purify-passive__time-skew__90002 24.4s rc=0
[ok] purify-passive__time-skew__90003 24.4s rc=0
[ok] purify-passive__time-skew__90004 23.9s rc=0
[ok] purify-passive__dynamic-change__90000 24.4s rc=0
[ok] purify-passive__dynamic-change__90001 24.2s rc=0
[ok] purify-passive__dynamic-change__90002 24.3s rc=0
[ok] purify-passive__dynamic-change__90003 23.9s rc=0
[ok] purify-passive__dynamic-change__90004 25.2s rc=0
[ok] purify-active__independent-noise__90000 25.1s rc=0
[ok] purify-active__independent-noise__90001 29.0s rc=0
[ok] purify-active__independent-noise__90002 26.1s rc=0
[ok] purify-active__independent-noise__90003 27.5s rc=0
[ok] purify-active__independent-noise__90004 25.4s rc=0
[ok] purify-active__shared-occlusion__90000 25.5s rc=0
[ok] purify-active__shared-occlusion__90001 28.0s rc=0
[ok] purify-active__shared-occlusion__90002 29.4s rc=0
[ok] purify-active__shared-occlusion__90003 28.3s rc=0
[ok] purify-active__shared-occlusion__90004 26.3s rc=0
[ok] purify-active__evidence-echo__90000 27.8s rc=0
[ok] purify-active__evidence-echo__90001 28.0s rc=0
[ok] purify-active__evidence-echo__90002 28.5s rc=0
[ok] purify-active__evidence-echo__90003 27.5s rc=0
[ok] purify-active__evidence-echo__90004 28.2s rc=0
[ok] purify-active__time-skew__90000 27.8s rc=0
[ok] purify-active__time-skew__90001 28.2s rc=0
[ok] purify-active__time-skew__90002 29.7s rc=0
[ok] purify-active__time-skew__90003 27.9s rc=0
[ok] purify-active__time-skew__90004 28.5s rc=0
[ok] purify-active__dynamic-change__90000 28.0s rc=0
[ok] purify-active__dynamic-change__90001 28.4s rc=0
[ok] purify-active__dynamic-change__90002 28.2s rc=0
[ok] purify-active__dynamic-change__90003 28.2s rc=0
[ok] purify-active__dynamic-change__90004 27.5s rc=0
{
  "schema_version": "look-twice.v6-parallel-matrix/v1",
  "workers": 2,
  "jobs": 75,
  "ok": 75,
  "skipped": 0,
  "fail": 0,
  "wall_seconds": 935.3449708970729,
  "runtime": "genesis",
  "device": "cuda:0"
}
