step=0000 state=GO_TO_INSPECTION x=-1.988 y=0.010 region=unknown
step=0050 state=GO_TO_INSPECTION x=-1.380 y=0.531 region=unknown
step=0100 state=GO_TO_INSPECTION x=-0.773 y=1.052 region=unknown
[step=112] Reached inspection viewpoint
[step=113] Inspecting occluded region...
[step=132] Evidence added: result=clear confidence=0.60
[step=132] Camera evidence: red_pixels=1086 artifact=outputs/camera-formal/blocked-first-flip/evidence/observation_00_inspection_left.png
[step=132] Belief revised: unknown -> provisional_clear
[step=132] Action gate: high-risk action denied
step=0150 state=INSPECT          x=-0.627 y=1.177 region=provisional_clear
[step=152] Evidence added: result=blocked confidence=1.00
[step=152] Camera evidence: red_pixels=1086 artifact=outputs/camera-formal/blocked-first-flip/evidence/observation_01_inspection_left.png
[step=152] Belief revised: provisional_clear -> uncertain
[step=152] Evidence conflict: moving to second inspection viewpoint
step=0200 state=GO_TO_SECOND_INSPECTION x=-0.431 y=0.434 region=uncertain
step=0250 state=GO_TO_SECOND_INSPECTION x=-0.227 y=-0.339 region=uncertain
step=0300 state=GO_TO_SECOND_INSPECTION x=-0.023 y=-1.113 region=uncertain
[step=303] Reached second inspection viewpoint
[step=304] Inspecting occluded region...
[step=323] Evidence added: result=blocked confidence=0.91
[step=323] Camera evidence: red_pixels=526 artifact=outputs/camera-formal/blocked-first-flip/evidence/observation_02_inspection_right.png
[step=323] Belief revised: uncertain -> confirmed_blocked
[step=323] Policy decision: GO_TO_DETOUR
step=0350 state=GO_TO_DETOUR     x=0.115 y=-0.746 region=confirmed_blocked
step=0400 state=GO_TO_DETOUR     x=0.349 y=0.019 region=confirmed_blocked
step=0450 state=GO_TO_DETOUR     x=0.582 y=0.784 region=confirmed_blocked
[step=494] Detour waypoint reached
step=0500 state=GO_TO_GOAL       x=0.849 y=1.384 region=confirmed_blocked
step=0550 state=GO_TO_GOAL       x=1.360 y=0.769 region=confirmed_blocked
step=0600 state=GO_TO_GOAL       x=1.872 y=0.154 region=confirmed_blocked
[step=610] Goal reached

Final mission state: FINISHED
Final region status: confirmed_blocked
Scenario: blocked
Policy: purify
Sensor mode: camera
Noise profile: first-flip
Noise rate: 0.0
Seed: 0
Evidence:
  viewpoint=inspection_left result=clear confidence=0.60 step=132
  viewpoint=inspection_left result=blocked confidence=1.00 step=152
  viewpoint=inspection_right result=blocked confidence=0.91 step=323
Route taken: start -> inspection_left -> inspection_right -> detour -> goal
Final position: tensor([1.9742, 0.0310, 0.1000], device='cuda:0')
Distance to goal: 0.04032053911136919
Elapsed: 2.158s
JSON output: outputs/camera-formal/blocked-first-flip/result.json
