{"error":null,"message":"","output":"outputs/v4-formal-genesis/raw/naive-majority__independent-noise__seed-50000.json","policy":"naive-majority","profile":"independent-noise","seed":50000,"status":"completed","unix_time":1784137696.7994807}
{"error":null,"message":"","output":"outputs/v4-formal-genesis/raw/naive-majority__independent-noise__seed-50001.json","policy":"naive-majority","profile":"independent-noise","seed":50001,"status":"completed","unix_time":1784137721.137312}
{"error":null,"message":"","output":"outputs/v4-formal-genesis/raw/naive-majority__independent-noise__seed-50002.json","policy":"naive-majority","profile":"independent-noise","seed":50002,"status":"completed","unix_time":1784137746.761339}
{"error":null,"message":"","output":"outputs/v4-formal-genesis/raw/naive-majority__independent-noise__seed-50003.json","policy":"naive-majority","profile":"independent-noise","seed":50003,"status":"completed","unix_time":1784137771.5442674}
{"error":null,"message":"","output":"outputs/v4-formal-genesis/raw/naive-majority__independent-noise__seed-50004.json","policy":"naive-majority","profile":"independent-noise","seed":50004,"status":"completed","unix_time":1784137796.2900658}
{"error":null,"message":"","output":"outputs/v4-formal-genesis/raw/naive-majority__independent-noise__seed-50005.json","policy":"naive-majority","profile":"independent-noise","seed":50005,"status":"completed","unix_time":1784137820.5544262}
{"error":null,"message":"","output":"outputs/v4-formal-genesis/raw/naive-majority__independent-noise__seed-50006.json","policy":"naive-majority","profile":"independent-noise","seed":50006,"status":"completed","unix_time":1784137847.0465767}
{"error":null,"message":"","output":"outputs/v4-formal-genesis/raw/naive-majority__independent-noise__seed-50007.json","policy":"naive-majority","profile":"independent-noise","seed":50007,"status":"completed","unix_time":1784137873.0856588}
{"error":null,"message":"","output":"outputs/v4-formal-genesis/raw/naive-majority__independent-noise__seed-50008.json","policy":"naive-majority","profile":"independent-noise","seed":50008,"status":"completed","unix_time":1784137899.3577693}
{"error":null,"message":"","output":"outputs/v4-formal-genesis/raw/naive-majority__independent-noise__seed-50009.json","policy":"naive-majority","profile":"independent-noise","seed":50009,"status":"completed","unix_time":1784137925.5129154}
{"error":null,"message":"","output":"outputs/v4-formal-genesis/raw/naive-majority__independent-noise__seed-50010.json","policy":"naive-majority","profile":"independent-noise","seed":50010,"status":"completed","unix_time":1784137950.014496}
{"error":null,"message":"","output":"outputs/v4-formal-genesis/raw/naive-majority__independent-noise__seed-50011.json","policy":"naive-majority","profile":"independent-noise","seed":50011,"status":"completed","unix_time":1784137973.8313322}
{"error":null,"message":"","output":"outputs/v4-formal-genesis/raw/naive-majority__independent-noise__seed-50012.json","policy":"naive-majority","profile":"independent-noise","seed":50012,"status":"completed","unix_time":1784137998.035574}
{"error":null,"message":"","output":"outputs/v4-formal-genesis/raw/naive-majority__independent-noise__seed-50013.json","policy":"naive-majority","profile":"independent-noise","seed":50013,"status":"completed","unix_time":1784138024.0738647}
{"error":null,"message":"","output":"outputs/v4-formal-genesis/raw/naive-majority__independent-noise__seed-50014.json","policy":"naive-majority","profile":"independent-noise","seed":50014,"status":"completed","unix_time":1784138049.1174035}
{"error":null,"message":"","output":"outputs/v4-formal-genesis/raw/naive-majority__independent-noise__seed-50015.json","policy":"naive-majority","profile":"independent-noise","seed":50015,"status":"completed","unix_time":1784138073.7837586}
{"error":null,"message":"","output":"outputs/v4-formal-genesis/raw/naive-majority__independent-noise__seed-50016.json","policy":"naive-majority","profile":"independent-noise","seed":50016,"status":"completed","unix_time":1784138100.6013834}
{"error":null,"message":"","output":"outputs/v4-formal-genesis/raw/naive-majority__independent-noise__seed-50017.json","policy":"naive-majority","profile":"independent-noise","seed":50017,"status":"completed","unix_time":1784138125.0856547}
{"error":"outputs/v4-formal-genesis/errors/naive-majority__independent-noise__seed-50018.error.json","message":"subprocess exited 1","output":"outputs/v4-formal-genesis/raw/naive-majority__independent-noise__seed-50018.json","policy":"naive-majority","profile":"independent-noise","seed":50018,"status":"error","unix_time":1784138146.9952378}
{"error":null,"message":"","output":"outputs/v4-formal-genesis/raw/naive-majority__independent-noise__seed-50019.json","policy":"naive-majority","profile":"independent-noise","seed":50019,"status":"completed","unix_time":1784138171.4264328}
{"error":null,"message":"","output":"outputs/v4-formal-genesis/raw/naive-majority__shared-occlusion__seed-50000.json","policy":"naive-majority","profile":"shared-occlusion","seed":50000,"status":"completed","unix_time":1784138197.4250047}
{"error":null,"message":"","output":"outputs/v4-formal-genesis/raw/naive-majority__shared-occlusion__seed-50001.json","policy":"naive-majority","profile":"shared-occlusion","seed":50001,"status":"completed","unix_time":1784138221.9037917}
{"error":null,"message":"","output":"outputs/v4-formal-genesis/raw/naive-majority__shared-occlusion__seed-50002.json","policy":"naive-majority","profile":"shared-occlusion","seed":50002,"status":"completed","unix_time":1784138247.5693731}
{"error":null,"message":"","output":"outputs/v4-formal-genesis/raw/naive-majority__shared-occlusion__seed-50003.json","policy":"naive-majority","profile":"shared-occlusion","seed":50003,"status":"completed","unix_time":1784138272.498744}
{"error":null,"message":"","output":"outputs/v4-formal-genesis/raw/naive-majority__shared-occlusion__seed-50004.json","policy":"naive-majority","profile":"shared-occlusion","seed":50004,"status":"completed","unix_time":1784138296.763801}
{"error":null,"message":"","output":"outputs/v4-formal-genesis/raw/naive-majority__shared-occlusion__seed-50005.json","policy":"naive-majority","profile":"shared-occlusion","seed":50005,"status":"completed","unix_time":1784138322.387511}
{"error":null,"message":"","output":"outputs/v4-formal-genesis/raw/naive-majority__shared-occlusion__seed-50006.json","policy":"naive-majority","profile":"shared-occlusion","seed":50006,"status":"completed","unix_time":1784138348.3787942}
{"error":null,"message":"","output":"outputs/v4-formal-genesis/raw/naive-majority__shared-occlusion__seed-50007.json","policy":"naive-majority","profile":"shared-occlusion","seed":50007,"status":"completed","unix_time":1784138374.8104796}
{"error":null,"message":"","output":"outputs/v4-formal-genesis/raw/naive-majority__shared-occlusion__seed-50008.json","policy":"naive-majority","profile":"shared-occlusion","seed":50008,"status":"completed","unix_time":1784138399.2368379}
{"error":null,"message":"","output":"outputs/v4-formal-genesis/raw/naive-majority__shared-occlusion__seed-50009.json","policy":"naive-majority","profile":"shared-occlusion","seed":50009,"status":"completed","unix_time":1784138425.3653398}
{"error":null,"message":"","output":"outputs/v4-formal-genesis/raw/naive-majority__shared-occlusion__seed-50010.json","policy":"naive-majority","profile":"shared-occlusion","seed":50010,"status":"completed","unix_time":1784138449.8219082}
{"error":null,"message":"","output":"outputs/v4-formal-genesis/raw/naive-majority__shared-occlusion__seed-50011.json","policy":"naive-majority","profile":"shared-occlusion","seed":50011,"status":"completed","unix_time":1784138474.0562646}
{"error":null,"message":"","output":"outputs/v4-formal-genesis/raw/naive-majority__shared-occlusion__seed-50012.json","policy":"naive-majority","profile":"shared-occlusion","seed":50012,"status":"completed","unix_time":1784138498.6306362}
{"error":null,"message":"","output":"outputs/v4-formal-genesis/raw/naive-majority__shared-occlusion__seed-50013.json","policy":"naive-majority","profile":"shared-occlusion","seed":50013,"status":"completed","unix_time":1784138524.7180486}
{"error":null,"message":"","output":"outputs/v4-formal-genesis/raw/naive-majority__shared-occlusion__seed-50014.json","policy":"naive-majority","profile":"shared-occlusion","seed":50014,"status":"completed","unix_time":1784138549.7193072}
{"error":null,"message":"","output":"outputs/v4-formal-genesis/raw/naive-majority__shared-occlusion__seed-50015.json","policy":"naive-majority","profile":"shared-occlusion","seed":50015,"status":"completed","unix_time":1784138574.226886}
{"error":null,"message":"","output":"outputs/v4-formal-genesis/raw/naive-majority__shared-occlusion__seed-50016.json","policy":"naive-majority","profile":"shared-occlusion","seed":50016,"status":"completed","unix_time":1784138600.557744}
{"error":null,"message":"","output":"outputs/v4-formal-genesis/raw/naive-majority__shared-occlusion__seed-50017.json","policy":"naive-majority","profile":"shared-occlusion","seed":50017,"status":"completed","unix_time":1784138624.969866}
{"error":"outputs/v4-formal-genesis/errors/naive-majority__shared-occlusion__seed-50018.error.json","message":"subprocess exited 1","output":"outputs/v4-formal-genesis/raw/naive-majority__shared-occlusion__seed-50018.json","policy":"naive-majority","profile":"shared-occlusion","seed":50018,"status":"error","unix_time":1784138647.7983134}
{"error":null,"message":"","output":"outputs/v4-formal-genesis/raw/naive-majority__shared-occlusion__seed-50019.json","policy":"naive-majority","profile":"shared-occlusion","seed":50019,"status":"completed","unix_time":1784138672.8941796}
{"error":null,"message":"","output":"outputs/v4-formal-genesis/raw/naive-majority__evidence-echo__seed-50000.json","policy":"naive-majority","profile":"evidence-echo","seed":50000,"status":"completed","unix_time":1784138700.9939387}
{"error":null,"message":"","output":"outputs/v4-formal-genesis/raw/naive-majority__evidence-echo__seed-50001.json","policy":"naive-majority","profile":"evidence-echo","seed":50001,"status":"completed","unix_time":1784138727.4866855}
{"error":null,"message":"","output":"outputs/v4-formal-genesis/raw/naive-majority__evidence-echo__seed-50002.json","policy":"naive-majority","profile":"evidence-echo","seed":50002,"status":"completed","unix_time":1784138755.6559148}
{"error":null,"message":"","output":"outputs/v4-formal-genesis/raw/naive-majority__evidence-echo__seed-50003.json","policy":"naive-majority","profile":"evidence-echo","seed":50003,"status":"completed","unix_time":1784138782.1017678}
{"error":null,"message":"","output":"outputs/v4-formal-genesis/raw/naive-majority__evidence-echo__seed-50004.json","policy":"naive-majority","profile":"evidence-echo","seed":50004,"status":"completed","unix_time":1784138808.6539161}
{"error":null,"message":"","output":"outputs/v4-formal-genesis/raw/naive-majority__evidence-echo__seed-50005.json","policy":"naive-majority","profile":"evidence-echo","seed":50005,"status":"completed","unix_time":1784138835.4810405}
{"error":null,"message":"","output":"outputs/v4-formal-genesis/raw/naive-majority__evidence-echo__seed-50006.json","policy":"naive-majority","profile":"evidence-echo","seed":50006,"status":"completed","unix_time":1784138863.5805275}
{"error":null,"message":"","output":"outputs/v4-formal-genesis/raw/naive-majority__evidence-echo__seed-50007.json","policy":"naive-majority","profile":"evidence-echo","seed":50007,"status":"completed","unix_time":1784138891.8196712}
{"error":null,"message":"","output":"outputs/v4-formal-genesis/raw/naive-majority__evidence-echo__seed-50008.json","policy":"naive-majority","profile":"evidence-echo","seed":50008,"status":"completed","unix_time":1784138918.09496}
{"error":null,"message":"","output":"outputs/v4-formal-genesis/raw/naive-majority__evidence-echo__seed-50009.json","policy":"naive-majority","profile":"evidence-echo","seed":50009,"status":"completed","unix_time":1784138945.796272}
{"error":null,"message":"","output":"outputs/v4-formal-genesis/raw/naive-majority__evidence-echo__seed-50010.json","policy":"naive-majority","profile":"evidence-echo","seed":50010,"status":"completed","unix_time":1784138972.3131065}
{"error":null,"message":"","output":"outputs/v4-formal-genesis/raw/naive-majority__evidence-echo__seed-50011.json","policy":"naive-majority","profile":"evidence-echo","seed":50011,"status":"completed","unix_time":1784138998.1931527}
{"error":null,"message":"","output":"outputs/v4-formal-genesis/raw/naive-majority__evidence-echo__seed-50012.json","policy":"naive-majority","profile":"evidence-echo","seed":50012,"status":"completed","unix_time":1784139024.6229174}
{"error":null,"message":"","output":"outputs/v4-formal-genesis/raw/naive-majority__evidence-echo__seed-50013.json","policy":"naive-majority","profile":"evidence-echo","seed":50013,"status":"completed","unix_time":1784139052.6047626}
{"error":null,"message":"","output":"outputs/v4-formal-genesis/raw/naive-majority__evidence-echo__seed-50014.json","policy":"naive-majority","profile":"evidence-echo","seed":50014,"status":"completed","unix_time":1784139079.3243704}
{"error":null,"message":"","output":"outputs/v4-formal-genesis/raw/naive-majority__evidence-echo__seed-50015.json","policy":"naive-majority","profile":"evidence-echo","seed":50015,"status":"completed","unix_time":1784139105.0518801}
{"error":null,"message":"","output":"outputs/v4-formal-genesis/raw/naive-majority__evidence-echo__seed-50016.json","policy":"naive-majority","profile":"evidence-echo","seed":50016,"status":"completed","unix_time":1784139133.4226294}
{"error":null,"message":"","output":"outputs/v4-formal-genesis/raw/naive-majority__evidence-echo__seed-50017.json","policy":"naive-majority","profile":"evidence-echo","seed":50017,"status":"completed","unix_time":1784139159.2705572}
{"error":"outputs/v4-formal-genesis/errors/naive-majority__evidence-echo__seed-50018.error.json","message":"subprocess exited 1","output":"outputs/v4-formal-genesis/raw/naive-majority__evidence-echo__seed-50018.json","policy":"naive-majority","profile":"evidence-echo","seed":50018,"status":"error","unix_time":1784139182.5140605}
{"error":null,"message":"","output":"outputs/v4-formal-genesis/raw/naive-majority__evidence-echo__seed-50019.json","policy":"naive-majority","profile":"evidence-echo","seed":50019,"status":"completed","unix_time":1784139208.3099873}
{"error":null,"message":"","output":"outputs/v4-formal-genesis/raw/naive-majority__time-skew__seed-50000.json","policy":"naive-majority","profile":"time-skew","seed":50000,"status":"completed","unix_time":1784139236.6646752}
{"error":null,"message":"","output":"outputs/v4-formal-genesis/raw/naive-majority__time-skew__seed-50001.json","policy":"naive-majority","profile":"time-skew","seed":50001,"status":"completed","unix_time":1784139263.3860323}
{"error":null,"message":"","output":"outputs/v4-formal-genesis/raw/naive-majority__time-skew__seed-50002.json","policy":"naive-majority","profile":"time-skew","seed":50002,"status":"completed","unix_time":1784139291.3240328}
{"error":null,"message":"","output":"outputs/v4-formal-genesis/raw/naive-majority__time-skew__seed-50003.json","policy":"naive-majority","profile":"time-skew","seed":50003,"status":"completed","unix_time":1784139317.9912937}
{"error":null,"message":"","output":"outputs/v4-formal-genesis/raw/naive-majority__time-skew__seed-50004.json","policy":"naive-majority","profile":"time-skew","seed":50004,"status":"completed","unix_time":1784139344.7393339}
{"error":null,"message":"","output":"outputs/v4-formal-genesis/raw/naive-majority__time-skew__seed-50005.json","policy":"naive-majority","profile":"time-skew","seed":50005,"status":"completed","unix_time":1784139371.7334313}
{"error":null,"message":"","output":"outputs/v4-formal-genesis/raw/naive-majority__time-skew__seed-50006.json","policy":"naive-majority","profile":"time-skew","seed":50006,"status":"completed","unix_time":1784139400.3290875}
{"error":null,"message":"","output":"outputs/v4-formal-genesis/raw/naive-majority__time-skew__seed-50007.json","policy":"naive-majority","profile":"time-skew","seed":50007,"status":"completed","unix_time":1784139426.5424783}
{"error":null,"message":"","output":"outputs/v4-formal-genesis/raw/naive-majority__time-skew__seed-50008.json","policy":"naive-majority","profile":"time-skew","seed":50008,"status":"completed","unix_time":1784139453.3183942}
{"error":null,"message":"","output":"outputs/v4-formal-genesis/raw/naive-majority__time-skew__seed-50009.json","policy":"naive-majority","profile":"time-skew","seed":50009,"status":"completed","unix_time":1784139481.7117941}
{"error":null,"message":"","output":"outputs/v4-formal-genesis/raw/naive-majority__time-skew__seed-50010.json","policy":"naive-majority","profile":"time-skew","seed":50010,"status":"completed","unix_time":1784139508.203623}
{"error":null,"message":"","output":"outputs/v4-formal-genesis/raw/naive-majority__time-skew__seed-50011.json","policy":"naive-majority","profile":"time-skew","seed":50011,"status":"completed","unix_time":1784139533.947389}
{"error":null,"message":"","output":"outputs/v4-formal-genesis/raw/naive-majority__time-skew__seed-50012.json","policy":"naive-majority","profile":"time-skew","seed":50012,"status":"completed","unix_time":1784139560.4644742}
{"error":null,"message":"","output":"outputs/v4-formal-genesis/raw/naive-majority__time-skew__seed-50013.json","policy":"naive-majority","profile":"time-skew","seed":50013,"status":"completed","unix_time":1784139588.1981027}
{"error":null,"message":"","output":"outputs/v4-formal-genesis/raw/naive-majority__time-skew__seed-50014.json","policy":"naive-majority","profile":"time-skew","seed":50014,"status":"completed","unix_time":1784139615.0153453}
{"error":null,"message":"","output":"outputs/v4-formal-genesis/raw/naive-majority__time-skew__seed-50015.json","policy":"naive-majority","profile":"time-skew","seed":50015,"status":"completed","unix_time":1784139640.959003}
{"error":null,"message":"","output":"outputs/v4-formal-genesis/raw/naive-majority__time-skew__seed-50016.json","policy":"naive-majority","profile":"time-skew","seed":50016,"status":"completed","unix_time":1784139669.1305304}
{"error":null,"message":"","output":"outputs/v4-formal-genesis/raw/naive-majority__time-skew__seed-50017.json","policy":"naive-majority","profile":"time-skew","seed":50017,"status":"completed","unix_time":1784139695.1743774}
{"error":"outputs/v4-formal-genesis/errors/naive-majority__time-skew__seed-50018.error.json","message":"subprocess exited 1","output":"outputs/v4-formal-genesis/raw/naive-majority__time-skew__seed-50018.json","policy":"naive-majority","profile":"time-skew","seed":50018,"status":"error","unix_time":1784139718.0772378}
{"error":null,"message":"","output":"outputs/v4-formal-genesis/raw/naive-majority__time-skew__seed-50019.json","policy":"naive-majority","profile":"time-skew","seed":50019,"status":"completed","unix_time":1784139744.0536153}
{"error":null,"message":"","output":"outputs/v4-formal-genesis/raw/naive-majority__pose-calibration-drift__seed-50000.json","policy":"naive-majority","profile":"pose-calibration-drift","seed":50000,"status":"completed","unix_time":1784139772.209377}
{"error":null,"message":"","output":"outputs/v4-formal-genesis/raw/naive-majority__pose-calibration-drift__seed-50001.json","policy":"naive-majority","profile":"pose-calibration-drift","seed":50001,"status":"completed","unix_time":1784139799.3572087}
{"error":null,"message":"","output":"outputs/v4-formal-genesis/raw/naive-majority__pose-calibration-drift__seed-50002.json","policy":"naive-majority","profile":"pose-calibration-drift","seed":50002,"status":"completed","unix_time":1784139827.8584058}
{"error":null,"message":"","output":"outputs/v4-formal-genesis/raw/naive-majority__pose-calibration-drift__seed-50003.json","policy":"naive-majority","profile":"pose-calibration-drift","seed":50003,"status":"completed","unix_time":1784139855.0928314}
{"error":null,"message":"","output":"outputs/v4-formal-genesis/raw/naive-majority__pose-calibration-drift__seed-50004.json","policy":"naive-majority","profile":"pose-calibration-drift","seed":50004,"status":"completed","unix_time":1784139881.84021}
{"error":null,"message":"","output":"outputs/v4-formal-genesis/raw/naive-majority__pose-calibration-drift__seed-50005.json","policy":"naive-majority","profile":"pose-calibration-drift","seed":50005,"status":"completed","unix_time":1784139908.4194107}
{"error":null,"message":"","output":"outputs/v4-formal-genesis/raw/naive-majority__pose-calibration-drift__seed-50006.json","policy":"naive-majority","profile":"pose-calibration-drift","seed":50006,"status":"completed","unix_time":1784139936.6556618}
{"error":null,"message":"","output":"outputs/v4-formal-genesis/raw/naive-majority__pose-calibration-drift__seed-50007.json","policy":"naive-majority","profile":"pose-calibration-drift","seed":50007,"status":"completed","unix_time":1784139964.6986618}
{"error":null,"message":"","output":"outputs/v4-formal-genesis/raw/naive-majority__pose-calibration-drift__seed-50008.json","policy":"naive-majority","profile":"pose-calibration-drift","seed":50008,"status":"completed","unix_time":1784139989.0913973}
{"error":null,"message":"","output":"outputs/v4-formal-genesis/raw/naive-majority__pose-calibration-drift__seed-50009.json","policy":"naive-majority","profile":"pose-calibration-drift","seed":50009,"status":"completed","unix_time":1784140015.2779377}
{"error":null,"message":"","output":"outputs/v4-formal-genesis/raw/naive-majority__pose-calibration-drift__seed-50010.json","policy":"naive-majority","profile":"pose-calibration-drift","seed":50010,"status":"completed","unix_time":1784140039.8950171}
{"error":null,"message":"","output":"outputs/v4-formal-genesis/raw/naive-majority__pose-calibration-drift__seed-50011.json","policy":"naive-majority","profile":"pose-calibration-drift","seed":50011,"status":"completed","unix_time":1784140064.0149384}
