{"error":null,"message":"","output":"outputs/v4-smoke-genesis/raw/naive-majority__independent-noise__seed-50000.json","policy":"naive-majority","profile":"independent-noise","seed":50000,"status":"completed","unix_time":1784135261.6818516}
{"error":null,"message":"","output":"outputs/v4-smoke-genesis/raw/naive-majority__independent-noise__seed-50001.json","policy":"naive-majority","profile":"independent-noise","seed":50001,"status":"completed","unix_time":1784135286.1496665}
{"error":null,"message":"","output":"outputs/v4-smoke-genesis/raw/naive-majority__shared-occlusion__seed-50000.json","policy":"naive-majority","profile":"shared-occlusion","seed":50000,"status":"completed","unix_time":1784135311.8154154}
{"error":null,"message":"","output":"outputs/v4-smoke-genesis/raw/naive-majority__shared-occlusion__seed-50001.json","policy":"naive-majority","profile":"shared-occlusion","seed":50001,"status":"completed","unix_time":1784135335.4635272}
{"error":null,"message":"","output":"outputs/v4-smoke-genesis/raw/naive-majority__evidence-echo__seed-50000.json","policy":"naive-majority","profile":"evidence-echo","seed":50000,"status":"completed","unix_time":1784135361.8411071}
{"error":null,"message":"","output":"outputs/v4-smoke-genesis/raw/naive-majority__evidence-echo__seed-50001.json","policy":"naive-majority","profile":"evidence-echo","seed":50001,"status":"completed","unix_time":1784135386.9370046}
{"error":null,"message":"","output":"outputs/v4-smoke-genesis/raw/naive-majority__time-skew__seed-50000.json","policy":"naive-majority","profile":"time-skew","seed":50000,"status":"completed","unix_time":1784135413.4754262}
{"error":null,"message":"","output":"outputs/v4-smoke-genesis/raw/naive-majority__time-skew__seed-50001.json","policy":"naive-majority","profile":"time-skew","seed":50001,"status":"completed","unix_time":1784135438.4763298}
{"error":null,"message":"","output":"outputs/v4-smoke-genesis/raw/naive-majority__pose-calibration-drift__seed-50000.json","policy":"naive-majority","profile":"pose-calibration-drift","seed":50000,"status":"completed","unix_time":1784135464.882203}
{"error":null,"message":"","output":"outputs/v4-smoke-genesis/raw/naive-majority__pose-calibration-drift__seed-50001.json","policy":"naive-majority","profile":"pose-calibration-drift","seed":50001,"status":"completed","unix_time":1784135489.939308}
{"error":null,"message":"","output":"outputs/v4-smoke-genesis/raw/naive-majority__structured-depth-dropout__seed-50000.json","policy":"naive-majority","profile":"structured-depth-dropout","seed":50000,"status":"completed","unix_time":1784135515.551931}
{"error":null,"message":"","output":"outputs/v4-smoke-genesis/raw/naive-majority__structured-depth-dropout__seed-50001.json","policy":"naive-majority","profile":"structured-depth-dropout","seed":50001,"status":"completed","unix_time":1784135540.266499}
{"error":null,"message":"","output":"outputs/v4-smoke-genesis/raw/naive-majority__dynamic-change__seed-50000.json","policy":"naive-majority","profile":"dynamic-change","seed":50000,"status":"completed","unix_time":1784135566.6669672}
{"error":null,"message":"","output":"outputs/v4-smoke-genesis/raw/naive-majority__dynamic-change__seed-50001.json","policy":"naive-majority","profile":"dynamic-change","seed":50001,"status":"completed","unix_time":1784135591.2532496}
{"error":null,"message":"","output":"outputs/v4-smoke-genesis/raw/naive-majority__ood-severity__seed-50000.json","policy":"naive-majority","profile":"ood-severity","seed":50000,"status":"completed","unix_time":1784135617.5761366}
{"error":null,"message":"","output":"outputs/v4-smoke-genesis/raw/naive-majority__ood-severity__seed-50001.json","policy":"naive-majority","profile":"ood-severity","seed":50001,"status":"completed","unix_time":1784135642.2021697}
{"error":null,"message":"","output":"outputs/v4-smoke-genesis/raw/v3-logodds__independent-noise__seed-50000.json","policy":"v3-logodds","profile":"independent-noise","seed":50000,"status":"completed","unix_time":1784135668.3730376}
{"error":null,"message":"","output":"outputs/v4-smoke-genesis/raw/v3-logodds__independent-noise__seed-50001.json","policy":"v3-logodds","profile":"independent-noise","seed":50001,"status":"completed","unix_time":1784135693.1875432}
{"error":null,"message":"","output":"outputs/v4-smoke-genesis/raw/v3-logodds__shared-occlusion__seed-50000.json","policy":"v3-logodds","profile":"shared-occlusion","seed":50000,"status":"completed","unix_time":1784135718.5604165}
{"error":null,"message":"","output":"outputs/v4-smoke-genesis/raw/v3-logodds__shared-occlusion__seed-50001.json","policy":"v3-logodds","profile":"shared-occlusion","seed":50001,"status":"completed","unix_time":1784135742.5767264}
{"error":null,"message":"","output":"outputs/v4-smoke-genesis/raw/v3-logodds__evidence-echo__seed-50000.json","policy":"v3-logodds","profile":"evidence-echo","seed":50000,"status":"completed","unix_time":1784135768.3030396}
{"error":null,"message":"","output":"outputs/v4-smoke-genesis/raw/v3-logodds__evidence-echo__seed-50001.json","policy":"v3-logodds","profile":"evidence-echo","seed":50001,"status":"completed","unix_time":1784135792.9873095}
{"error":null,"message":"","output":"outputs/v4-smoke-genesis/raw/v3-logodds__time-skew__seed-50000.json","policy":"v3-logodds","profile":"time-skew","seed":50000,"status":"completed","unix_time":1784135819.2706861}
{"error":null,"message":"","output":"outputs/v4-smoke-genesis/raw/v3-logodds__time-skew__seed-50001.json","policy":"v3-logodds","profile":"time-skew","seed":50001,"status":"completed","unix_time":1784135843.9623523}
{"error":null,"message":"","output":"outputs/v4-smoke-genesis/raw/v3-logodds__pose-calibration-drift__seed-50000.json","policy":"v3-logodds","profile":"pose-calibration-drift","seed":50000,"status":"completed","unix_time":1784135869.8475742}
{"error":null,"message":"","output":"outputs/v4-smoke-genesis/raw/v3-logodds__pose-calibration-drift__seed-50001.json","policy":"v3-logodds","profile":"pose-calibration-drift","seed":50001,"status":"completed","unix_time":1784135894.4067047}
{"error":null,"message":"","output":"outputs/v4-smoke-genesis/raw/v3-logodds__structured-depth-dropout__seed-50000.json","policy":"v3-logodds","profile":"structured-depth-dropout","seed":50000,"status":"completed","unix_time":1784135920.5688899}
{"error":null,"message":"","output":"outputs/v4-smoke-genesis/raw/v3-logodds__structured-depth-dropout__seed-50001.json","policy":"v3-logodds","profile":"structured-depth-dropout","seed":50001,"status":"completed","unix_time":1784135945.1570814}
{"error":null,"message":"","output":"outputs/v4-smoke-genesis/raw/v3-logodds__dynamic-change__seed-50000.json","policy":"v3-logodds","profile":"dynamic-change","seed":50000,"status":"completed","unix_time":1784135971.0243304}
{"error":null,"message":"","output":"outputs/v4-smoke-genesis/raw/v3-logodds__dynamic-change__seed-50001.json","policy":"v3-logodds","profile":"dynamic-change","seed":50001,"status":"completed","unix_time":1784135995.9016106}
{"error":null,"message":"","output":"outputs/v4-smoke-genesis/raw/v3-logodds__ood-severity__seed-50000.json","policy":"v3-logodds","profile":"ood-severity","seed":50000,"status":"completed","unix_time":1784136021.329487}
{"error":null,"message":"","output":"outputs/v4-smoke-genesis/raw/v3-logodds__ood-severity__seed-50001.json","policy":"v3-logodds","profile":"ood-severity","seed":50001,"status":"completed","unix_time":1784136045.7844043}
{"error":null,"message":"","output":"outputs/v4-smoke-genesis/raw/conformal-only__independent-noise__seed-50000.json","policy":"conformal-only","profile":"independent-noise","seed":50000,"status":"completed","unix_time":1784136071.8700542}
{"error":null,"message":"","output":"outputs/v4-smoke-genesis/raw/conformal-only__independent-noise__seed-50001.json","policy":"conformal-only","profile":"independent-noise","seed":50001,"status":"completed","unix_time":1784136096.8808722}
{"error":null,"message":"","output":"outputs/v4-smoke-genesis/raw/conformal-only__shared-occlusion__seed-50000.json","policy":"conformal-only","profile":"shared-occlusion","seed":50000,"status":"completed","unix_time":1784136122.5903583}
{"error":null,"message":"","output":"outputs/v4-smoke-genesis/raw/conformal-only__shared-occlusion__seed-50001.json","policy":"conformal-only","profile":"shared-occlusion","seed":50001,"status":"completed","unix_time":1784136146.291517}
{"error":null,"message":"","output":"outputs/v4-smoke-genesis/raw/conformal-only__evidence-echo__seed-50000.json","policy":"conformal-only","profile":"evidence-echo","seed":50000,"status":"completed","unix_time":1784136172.8070223}
{"error":null,"message":"","output":"outputs/v4-smoke-genesis/raw/conformal-only__evidence-echo__seed-50001.json","policy":"conformal-only","profile":"evidence-echo","seed":50001,"status":"completed","unix_time":1784136197.247229}
{"error":null,"message":"","output":"outputs/v4-smoke-genesis/raw/conformal-only__time-skew__seed-50000.json","policy":"conformal-only","profile":"time-skew","seed":50000,"status":"completed","unix_time":1784136223.55267}
{"error":null,"message":"","output":"outputs/v4-smoke-genesis/raw/conformal-only__time-skew__seed-50001.json","policy":"conformal-only","profile":"time-skew","seed":50001,"status":"completed","unix_time":1784136247.9430408}
{"error":null,"message":"","output":"outputs/v4-smoke-genesis/raw/conformal-only__pose-calibration-drift__seed-50000.json","policy":"conformal-only","profile":"pose-calibration-drift","seed":50000,"status":"completed","unix_time":1784136274.2117667}
{"error":null,"message":"","output":"outputs/v4-smoke-genesis/raw/conformal-only__pose-calibration-drift__seed-50001.json","policy":"conformal-only","profile":"pose-calibration-drift","seed":50001,"status":"completed","unix_time":1784136299.0308664}
{"error":null,"message":"","output":"outputs/v4-smoke-genesis/raw/conformal-only__structured-depth-dropout__seed-50000.json","policy":"conformal-only","profile":"structured-depth-dropout","seed":50000,"status":"completed","unix_time":1784136324.7425199}
{"error":null,"message":"","output":"outputs/v4-smoke-genesis/raw/conformal-only__structured-depth-dropout__seed-50001.json","policy":"conformal-only","profile":"structured-depth-dropout","seed":50001,"status":"completed","unix_time":1784136348.762169}
{"error":null,"message":"","output":"outputs/v4-smoke-genesis/raw/conformal-only__dynamic-change__seed-50000.json","policy":"conformal-only","profile":"dynamic-change","seed":50000,"status":"completed","unix_time":1784136374.978144}
{"error":null,"message":"","output":"outputs/v4-smoke-genesis/raw/conformal-only__dynamic-change__seed-50001.json","policy":"conformal-only","profile":"dynamic-change","seed":50001,"status":"completed","unix_time":1784136399.434363}
{"error":null,"message":"","output":"outputs/v4-smoke-genesis/raw/conformal-only__ood-severity__seed-50000.json","policy":"conformal-only","profile":"ood-severity","seed":50000,"status":"completed","unix_time":1784136425.7067914}
{"error":null,"message":"","output":"outputs/v4-smoke-genesis/raw/conformal-only__ood-severity__seed-50001.json","policy":"conformal-only","profile":"ood-severity","seed":50001,"status":"completed","unix_time":1784136450.361293}
{"error":null,"message":"","output":"outputs/v4-smoke-genesis/raw/lineage-only__independent-noise__seed-50000.json","policy":"lineage-only","profile":"independent-noise","seed":50000,"status":"completed","unix_time":1784136476.5366957}
{"error":null,"message":"","output":"outputs/v4-smoke-genesis/raw/lineage-only__independent-noise__seed-50001.json","policy":"lineage-only","profile":"independent-noise","seed":50001,"status":"completed","unix_time":1784136501.4619532}
{"error":null,"message":"","output":"outputs/v4-smoke-genesis/raw/lineage-only__shared-occlusion__seed-50000.json","policy":"lineage-only","profile":"shared-occlusion","seed":50000,"status":"completed","unix_time":1784136527.0693426}
{"error":null,"message":"","output":"outputs/v4-smoke-genesis/raw/lineage-only__shared-occlusion__seed-50001.json","policy":"lineage-only","profile":"shared-occlusion","seed":50001,"status":"completed","unix_time":1784136551.3662984}
{"error":null,"message":"","output":"outputs/v4-smoke-genesis/raw/lineage-only__evidence-echo__seed-50000.json","policy":"lineage-only","profile":"evidence-echo","seed":50000,"status":"completed","unix_time":1784136577.2190936}
{"error":null,"message":"","output":"outputs/v4-smoke-genesis/raw/lineage-only__evidence-echo__seed-50001.json","policy":"lineage-only","profile":"evidence-echo","seed":50001,"status":"completed","unix_time":1784136602.016466}
{"error":null,"message":"","output":"outputs/v4-smoke-genesis/raw/lineage-only__time-skew__seed-50000.json","policy":"lineage-only","profile":"time-skew","seed":50000,"status":"completed","unix_time":1784136628.9341526}
{"error":null,"message":"","output":"outputs/v4-smoke-genesis/raw/lineage-only__time-skew__seed-50001.json","policy":"lineage-only","profile":"time-skew","seed":50001,"status":"completed","unix_time":1784136654.0665185}
{"error":null,"message":"","output":"outputs/v4-smoke-genesis/raw/lineage-only__pose-calibration-drift__seed-50000.json","policy":"lineage-only","profile":"pose-calibration-drift","seed":50000,"status":"completed","unix_time":1784136679.9017432}
{"error":null,"message":"","output":"outputs/v4-smoke-genesis/raw/lineage-only__pose-calibration-drift__seed-50001.json","policy":"lineage-only","profile":"pose-calibration-drift","seed":50001,"status":"completed","unix_time":1784136704.0696237}
{"error":null,"message":"","output":"outputs/v4-smoke-genesis/raw/lineage-only__structured-depth-dropout__seed-50000.json","policy":"lineage-only","profile":"structured-depth-dropout","seed":50000,"status":"completed","unix_time":1784136729.737274}
{"error":null,"message":"","output":"outputs/v4-smoke-genesis/raw/lineage-only__structured-depth-dropout__seed-50001.json","policy":"lineage-only","profile":"structured-depth-dropout","seed":50001,"status":"completed","unix_time":1784136754.434726}
{"error":null,"message":"","output":"outputs/v4-smoke-genesis/raw/lineage-only__dynamic-change__seed-50000.json","policy":"lineage-only","profile":"dynamic-change","seed":50000,"status":"completed","unix_time":1784136780.9258752}
{"error":null,"message":"","output":"outputs/v4-smoke-genesis/raw/lineage-only__dynamic-change__seed-50001.json","policy":"lineage-only","profile":"dynamic-change","seed":50001,"status":"completed","unix_time":1784136806.3189497}
{"error":null,"message":"","output":"outputs/v4-smoke-genesis/raw/lineage-only__ood-severity__seed-50000.json","policy":"lineage-only","profile":"ood-severity","seed":50000,"status":"completed","unix_time":1784136831.718503}
{"error":null,"message":"","output":"outputs/v4-smoke-genesis/raw/lineage-only__ood-severity__seed-50001.json","policy":"lineage-only","profile":"ood-severity","seed":50001,"status":"completed","unix_time":1784136856.2791436}
{"error":null,"message":"","output":"outputs/v4-smoke-genesis/raw/purify-passive__independent-noise__seed-50000.json","policy":"purify-passive","profile":"independent-noise","seed":50000,"status":"completed","unix_time":1784136882.3386226}
{"error":null,"message":"","output":"outputs/v4-smoke-genesis/raw/purify-passive__independent-noise__seed-50001.json","policy":"purify-passive","profile":"independent-noise","seed":50001,"status":"completed","unix_time":1784136907.1794767}
{"error":null,"message":"","output":"outputs/v4-smoke-genesis/raw/purify-passive__shared-occlusion__seed-50000.json","policy":"purify-passive","profile":"shared-occlusion","seed":50000,"status":"completed","unix_time":1784136932.8585062}
{"error":null,"message":"","output":"outputs/v4-smoke-genesis/raw/purify-passive__shared-occlusion__seed-50001.json","policy":"purify-passive","profile":"shared-occlusion","seed":50001,"status":"completed","unix_time":1784136957.100436}
{"error":null,"message":"","output":"outputs/v4-smoke-genesis/raw/purify-passive__evidence-echo__seed-50000.json","policy":"purify-passive","profile":"evidence-echo","seed":50000,"status":"completed","unix_time":1784136983.5383117}
{"error":null,"message":"","output":"outputs/v4-smoke-genesis/raw/purify-passive__evidence-echo__seed-50001.json","policy":"purify-passive","profile":"evidence-echo","seed":50001,"status":"completed","unix_time":1784137008.3689866}
{"error":null,"message":"","output":"outputs/v4-smoke-genesis/raw/purify-passive__time-skew__seed-50000.json","policy":"purify-passive","profile":"time-skew","seed":50000,"status":"completed","unix_time":1784137034.4779396}
{"error":null,"message":"","output":"outputs/v4-smoke-genesis/raw/purify-passive__time-skew__seed-50001.json","policy":"purify-passive","profile":"time-skew","seed":50001,"status":"completed","unix_time":1784137058.7668898}
{"error":null,"message":"","output":"outputs/v4-smoke-genesis/raw/purify-passive__pose-calibration-drift__seed-50000.json","policy":"purify-passive","profile":"pose-calibration-drift","seed":50000,"status":"completed","unix_time":1784137084.4943137}
{"error":null,"message":"","output":"outputs/v4-smoke-genesis/raw/purify-passive__pose-calibration-drift__seed-50001.json","policy":"purify-passive","profile":"pose-calibration-drift","seed":50001,"status":"completed","unix_time":1784137108.9808552}
{"error":null,"message":"","output":"outputs/v4-smoke-genesis/raw/purify-passive__structured-depth-dropout__seed-50000.json","policy":"purify-passive","profile":"structured-depth-dropout","seed":50000,"status":"completed","unix_time":1784137135.0873857}
{"error":null,"message":"","output":"outputs/v4-smoke-genesis/raw/purify-passive__structured-depth-dropout__seed-50001.json","policy":"purify-passive","profile":"structured-depth-dropout","seed":50001,"status":"completed","unix_time":1784137159.0447848}
{"error":null,"message":"","output":"outputs/v4-smoke-genesis/raw/purify-passive__dynamic-change__seed-50000.json","policy":"purify-passive","profile":"dynamic-change","seed":50000,"status":"completed","unix_time":1784137184.7965446}
{"error":null,"message":"","output":"outputs/v4-smoke-genesis/raw/purify-passive__dynamic-change__seed-50001.json","policy":"purify-passive","profile":"dynamic-change","seed":50001,"status":"completed","unix_time":1784137209.6164463}
{"error":null,"message":"","output":"outputs/v4-smoke-genesis/raw/purify-passive__ood-severity__seed-50000.json","policy":"purify-passive","profile":"ood-severity","seed":50000,"status":"completed","unix_time":1784137235.8438382}
{"error":null,"message":"","output":"outputs/v4-smoke-genesis/raw/purify-passive__ood-severity__seed-50001.json","policy":"purify-passive","profile":"ood-severity","seed":50001,"status":"completed","unix_time":1784137260.4830503}
{"error":null,"message":"","output":"outputs/v4-smoke-genesis/raw/purify-active__independent-noise__seed-50000.json","policy":"purify-active","profile":"independent-noise","seed":50000,"status":"completed","unix_time":1784137285.074855}
{"error":null,"message":"","output":"outputs/v4-smoke-genesis/raw/purify-active__independent-noise__seed-50001.json","policy":"purify-active","profile":"independent-noise","seed":50001,"status":"completed","unix_time":1784137310.2980924}
{"error":null,"message":"","output":"outputs/v4-smoke-genesis/raw/purify-active__shared-occlusion__seed-50000.json","policy":"purify-active","profile":"shared-occlusion","seed":50000,"status":"completed","unix_time":1784137337.480982}
{"error":null,"message":"","output":"outputs/v4-smoke-genesis/raw/purify-active__shared-occlusion__seed-50001.json","policy":"purify-active","profile":"shared-occlusion","seed":50001,"status":"completed","unix_time":1784137362.0284111}
{"error":null,"message":"","output":"outputs/v4-smoke-genesis/raw/purify-active__evidence-echo__seed-50000.json","policy":"purify-active","profile":"evidence-echo","seed":50000,"status":"completed","unix_time":1784137387.1050894}
{"error":null,"message":"","output":"outputs/v4-smoke-genesis/raw/purify-active__evidence-echo__seed-50001.json","policy":"purify-active","profile":"evidence-echo","seed":50001,"status":"completed","unix_time":1784137412.9383926}
{"error":null,"message":"","output":"outputs/v4-smoke-genesis/raw/purify-active__time-skew__seed-50000.json","policy":"purify-active","profile":"time-skew","seed":50000,"status":"completed","unix_time":1784137437.9373658}
{"error":null,"message":"","output":"outputs/v4-smoke-genesis/raw/purify-active__time-skew__seed-50001.json","policy":"purify-active","profile":"time-skew","seed":50001,"status":"completed","unix_time":1784137464.2633147}
{"error":null,"message":"","output":"outputs/v4-smoke-genesis/raw/purify-active__pose-calibration-drift__seed-50000.json","policy":"purify-active","profile":"pose-calibration-drift","seed":50000,"status":"completed","unix_time":1784137489.3920298}
{"error":null,"message":"","output":"outputs/v4-smoke-genesis/raw/purify-active__pose-calibration-drift__seed-50001.json","policy":"purify-active","profile":"pose-calibration-drift","seed":50001,"status":"completed","unix_time":1784137515.4570463}
{"error":null,"message":"","output":"outputs/v4-smoke-genesis/raw/purify-active__structured-depth-dropout__seed-50000.json","policy":"purify-active","profile":"structured-depth-dropout","seed":50000,"status":"completed","unix_time":1784137542.9646351}
{"error":null,"message":"","output":"outputs/v4-smoke-genesis/raw/purify-active__structured-depth-dropout__seed-50001.json","policy":"purify-active","profile":"structured-depth-dropout","seed":50001,"status":"completed","unix_time":1784137567.8246539}
{"error":null,"message":"","output":"outputs/v4-smoke-genesis/raw/purify-active__dynamic-change__seed-50000.json","policy":"purify-active","profile":"dynamic-change","seed":50000,"status":"completed","unix_time":1784137592.7069447}
{"error":null,"message":"","output":"outputs/v4-smoke-genesis/raw/purify-active__dynamic-change__seed-50001.json","policy":"purify-active","profile":"dynamic-change","seed":50001,"status":"completed","unix_time":1784137618.5594473}
{"error":null,"message":"","output":"outputs/v4-smoke-genesis/raw/purify-active__ood-severity__seed-50000.json","policy":"purify-active","profile":"ood-severity","seed":50000,"status":"completed","unix_time":1784137645.415886}
{"error":null,"message":"","output":"outputs/v4-smoke-genesis/raw/purify-active__ood-severity__seed-50001.json","policy":"purify-active","profile":"ood-severity","seed":50001,"status":"completed","unix_time":1784137670.7994058}
